2023-08-06 04:05:13.065296 - Initialized conversion of CBT438
2023-08-06 04:05:13.700184 - Received CBT.V505.FILE438.PDS from FILE438.XMI 
2023-08-06 04:05:13.702652 - Found $$$#DATE.txt (text/plain) in CBT.V505.FILE438.PDS, moved to PDS/$$$#DATE
2023-08-06 04:05:13.703693 - Found $$$STRUC.txt (text/plain) in CBT.V505.FILE438.PDS, moved to PDS/$$$STRUC
2023-08-06 04:05:13.704651 - Found $$ALTDOC.txt (text/plain) in CBT.V505.FILE438.PDS, moved to PDS/$$ALTDOC
2023-08-06 04:05:13.705662 - Found $$ARTCL1.txt (text/plain) in CBT.V505.FILE438.PDS, moved to PDS/$$ARTCL1
2023-08-06 04:05:13.706623 - Found $$MACDOC.txt (text/plain) in CBT.V505.FILE438.PDS, moved to PDS/$$MACDOC
2023-08-06 04:05:13.707531 - Found $$NOTE.txt (text/plain) in CBT.V505.FILE438.PDS, moved to PDS/$$NOTE
2023-08-06 04:05:13.708424 - Found $$READ$$.txt (text/plain) in CBT.V505.FILE438.PDS, moved to PDS/$$READ$$
2023-08-06 04:05:13.709263 - Found $AGOTO.txt (text/plain) in CBT.V505.FILE438.PDS, moved to PDS/$AGOTO
2023-08-06 04:05:13.710162 - Found $ASECT.txt (text/plain) in CBT.V505.FILE438.PDS, moved to PDS/$ASECT
2023-08-06 04:05:13.710980 - Found $IA.txt (text/plain) in CBT.V505.FILE438.PDS, moved to PDS/$IA
2023-08-06 04:05:13.711790 - Found $MENDDO1.txt (text/plain) in CBT.V505.FILE438.PDS, moved to PDS/$MENDDO1
2023-08-06 04:05:13.712591 - Found $MENDDO2.txt (text/plain) in CBT.V505.FILE438.PDS, moved to PDS/$MENDDO2
2023-08-06 04:05:13.713416 - Found $MGBLDEF.txt (text/plain) in CBT.V505.FILE438.PDS, moved to PDS/$MGBLDEF
2023-08-06 04:05:13.714310 - Found $MGFNAME.txt (text/plain) in CBT.V505.FILE438.PDS, moved to PDS/$MGFNAME
2023-08-06 04:05:13.715181 - Found $MGFNBR.txt (text/plain) in CBT.V505.FILE438.PDS, moved to PDS/$MGFNBR
2023-08-06 04:05:13.716036 - Found $MGPNAME.txt (text/plain) in CBT.V505.FILE438.PDS, moved to PDS/$MGPNAME
2023-08-06 04:05:13.716948 - Found $WA.txt (text/plain) in CBT.V505.FILE438.PDS, moved to PDS/$WA
2023-08-06 04:05:13.717948 - Found @FILE438.txt (text/plain) in CBT.V505.FILE438.PDS, moved to PDS/@FILE438
2023-08-06 04:05:13.718821 - Found ADDR.txt (text/plain) in CBT.V505.FILE438.PDS, moved to PDS/ADDR
2023-08-06 04:05:13.719819 - Found AFTER.txt (text/plain) in CBT.V505.FILE438.PDS, moved to PDS/AFTER
2023-08-06 04:05:13.720724 - Found AN.txt (text/plain) in CBT.V505.FILE438.PDS, moved to PDS/AN
2023-08-06 04:05:13.721723 - Found BEGTEST.txt (text/plain) in CBT.V505.FILE438.PDS, moved to PDS/BEGTEST
2023-08-06 04:05:13.722630 - Found BHE.txt (text/plain) in CBT.V505.FILE438.PDS, moved to PDS/BHE
2023-08-06 04:05:13.723622 - Found BLE.txt (text/plain) in CBT.V505.FILE438.PDS, moved to PDS/BLE
2023-08-06 04:05:13.724587 - Found BWCDATE1.txt (text/plain) in CBT.V505.FILE438.PDS, moved to PDS/BWCDATE1
2023-08-06 04:05:13.725517 - Found COMBOX.txt (text/plain) in CBT.V505.FILE438.PDS, moved to PDS/COMBOX
2023-08-06 04:05:13.726425 - Found CONTINUE.txt (text/plain) in CBT.V505.FILE438.PDS, moved to PDS/CONTINUE
2023-08-06 04:05:13.727430 - Found CPYPAR$E.txt (text/plain) in CBT.V505.FILE438.PDS, moved to PDS/CPYPAR$E
2023-08-06 04:05:13.728388 - Found CTE.txt (text/plain) in CBT.V505.FILE438.PDS, moved to PDS/CTE
2023-08-06 04:05:13.729294 - Found CTEB.txt (text/plain) in CBT.V505.FILE438.PDS, moved to PDS/CTEB
2023-08-06 04:05:13.730231 - Found CVN.txt (text/plain) in CBT.V505.FILE438.PDS, moved to PDS/CVN
2023-08-06 04:05:13.731249 - Found CVXREGS.txt (text/plain) in CBT.V505.FILE438.PDS, moved to PDS/CVXREGS
2023-08-06 04:05:13.732205 - Found CVXWORD.txt (text/plain) in CBT.V505.FILE438.PDS, moved to PDS/CVXWORD
2023-08-06 04:05:13.733157 - Found DATECONV.txt (text/plain) in CBT.V505.FILE438.PDS, moved to PDS/DATECONV
2023-08-06 04:05:13.734173 - Found DEFPGMID.txt (text/plain) in CBT.V505.FILE438.PDS, moved to PDS/DEFPGMID
2023-08-06 04:05:13.735240 - Found DIAGMSG.txt (text/plain) in CBT.V505.FILE438.PDS, moved to PDS/DIAGMSG
2023-08-06 04:05:13.736192 - Found DISPLAY.txt (text/plain) in CBT.V505.FILE438.PDS, moved to PDS/DISPLAY
2023-08-06 04:05:13.737157 - Found DIVISION.txt (text/plain) in CBT.V505.FILE438.PDS, moved to PDS/DIVISION
2023-08-06 04:05:13.738177 - Found DO.txt (text/plain) in CBT.V505.FILE438.PDS, moved to PDS/DO
2023-08-06 04:05:13.739376 - Found DOCUMENT.txt (text/plain) in CBT.V505.FILE438.PDS, moved to PDS/DOCUMENT
2023-08-06 04:05:13.740405 - Found DOEXIT.txt (text/plain) in CBT.V505.FILE438.PDS, moved to PDS/DOEXIT
2023-08-06 04:05:13.741399 - Found DTEOFINT.txt (text/plain) in CBT.V505.FILE438.PDS, moved to PDS/DTEOFINT
2023-08-06 04:05:13.742320 - Found DTM.txt (text/plain) in CBT.V505.FILE438.PDS, moved to PDS/DTM
2023-08-06 04:05:13.743331 - Found DUMPMAIN.txt (text/plain) in CBT.V505.FILE438.PDS, moved to PDS/DUMPMAIN
2023-08-06 04:05:13.744273 - Found EDIT.txt (text/plain) in CBT.V505.FILE438.PDS, moved to PDS/EDIT
2023-08-06 04:05:13.745217 - Found ELSE.txt (text/plain) in CBT.V505.FILE438.PDS, moved to PDS/ELSE
2023-08-06 04:05:13.746137 - Found ELSEDO.txt (text/plain) in CBT.V505.FILE438.PDS, moved to PDS/ELSEDO
2023-08-06 04:05:13.747024 - Found ELSEIF.txt (text/plain) in CBT.V505.FILE438.PDS, moved to PDS/ELSEIF
2023-08-06 04:05:13.748029 - Found EM.txt (text/plain) in CBT.V505.FILE438.PDS, moved to PDS/EM
2023-08-06 04:05:13.748950 - Found ENDAFTER.txt (text/plain) in CBT.V505.FILE438.PDS, moved to PDS/ENDAFTER
2023-08-06 04:05:13.749904 - Found ENDELSE.txt (text/plain) in CBT.V505.FILE438.PDS, moved to PDS/ENDELSE
2023-08-06 04:05:13.750817 - Found ENDEVERY.txt (text/plain) in CBT.V505.FILE438.PDS, moved to PDS/ENDEVERY
2023-08-06 04:05:13.751691 - Found ENDFIRST.txt (text/plain) in CBT.V505.FILE438.PDS, moved to PDS/ENDFIRST
2023-08-06 04:05:13.752528 - Found ENDIF.txt (text/plain) in CBT.V505.FILE438.PDS, moved to PDS/ENDIF
2023-08-06 04:05:13.753394 - Found ENDO.txt (text/plain) in CBT.V505.FILE438.PDS, moved to PDS/ENDO
2023-08-06 04:05:13.754401 - Found ENDP.txt (text/plain) in CBT.V505.FILE438.PDS, moved to PDS/ENDP
2023-08-06 04:05:13.755303 - Found ENDSECT.txt (text/plain) in CBT.V505.FILE438.PDS, moved to PDS/ENDSECT
2023-08-06 04:05:13.756157 - Found ENDTEST.txt (text/plain) in CBT.V505.FILE438.PDS, moved to PDS/ENDTEST
2023-08-06 04:05:13.756995 - Found EPACK.txt (text/plain) in CBT.V505.FILE438.PDS, moved to PDS/EPACK
2023-08-06 04:05:13.757917 - Found EQUATE.txt (text/plain) in CBT.V505.FILE438.PDS, moved to PDS/EQUATE
2023-08-06 04:05:13.758935 - Found EUNPK.txt (text/plain) in CBT.V505.FILE438.PDS, moved to PDS/EUNPK
2023-08-06 04:05:13.759939 - Found EVERY.txt (text/plain) in CBT.V505.FILE438.PDS, moved to PDS/EVERY
2023-08-06 04:05:13.760899 - Found EXECUTE.txt (text/plain) in CBT.V505.FILE438.PDS, moved to PDS/EXECUTE
2023-08-06 04:05:13.761939 - Found EXIT.txt (text/plain) in CBT.V505.FILE438.PDS, moved to PDS/EXIT
2023-08-06 04:05:13.762853 - Found FINAL.txt (text/plain) in CBT.V505.FILE438.PDS, moved to PDS/FINAL
2023-08-06 04:05:13.763709 - Found FIRST.txt (text/plain) in CBT.V505.FILE438.PDS, moved to PDS/FIRST
2023-08-06 04:05:13.764678 - Found GO.txt (text/plain) in CBT.V505.FILE438.PDS, moved to PDS/GO
2023-08-06 04:05:13.765670 - Found GOBACK.txt (text/plain) in CBT.V505.FILE438.PDS, moved to PDS/GOBACK
2023-08-06 04:05:13.766644 - Found GOTO.txt (text/plain) in CBT.V505.FILE438.PDS, moved to PDS/GOTO
2023-08-06 04:05:13.767510 - Found HEXRTN.txt (text/plain) in CBT.V505.FILE438.PDS, moved to PDS/HEXRTN
2023-08-06 04:05:13.768383 - Found HROUTINE.txt (text/plain) in CBT.V505.FILE438.PDS, moved to PDS/HROUTINE
2023-08-06 04:05:13.769216 - Found I.txt (text/plain) in CBT.V505.FILE438.PDS, moved to PDS/I
2023-08-06 04:05:13.770161 - Found IF.txt (text/plain) in CBT.V505.FILE438.PDS, moved to PDS/IF
2023-08-06 04:05:13.771153 - Found INPUT1.txt (text/plain) in CBT.V505.FILE438.PDS, moved to PDS/INPUT1
2023-08-06 04:05:13.772174 - Found INTOFDTE.txt (text/plain) in CBT.V505.FILE438.PDS, moved to PDS/INTOFDTE
2023-08-06 04:05:13.773249 - Found IP.txt (text/plain) in CBT.V505.FILE438.PDS, moved to PDS/IP
2023-08-06 04:05:13.774409 - Found LEVELMSG.txt (text/plain) in CBT.V505.FILE438.PDS, moved to PDS/LEVELMSG
2023-08-06 04:05:13.775292 - Found MACBOX.txt (text/plain) in CBT.V505.FILE438.PDS, moved to PDS/MACBOX
2023-08-06 04:05:13.776131 - Found NEXT.txt (text/plain) in CBT.V505.FILE438.PDS, moved to PDS/NEXT
2023-08-06 04:05:13.776981 - Found OMGBLDEF.txt (text/plain) in CBT.V505.FILE438.PDS, moved to PDS/OMGBLDEF
2023-08-06 04:05:13.778074 - Found OUTPUT1.txt (text/plain) in CBT.V505.FILE438.PDS, moved to PDS/OUTPUT1
2023-08-06 04:05:13.779070 - Found PAR$E.txt (text/plain) in CBT.V505.FILE438.PDS, moved to PDS/PAR$E
2023-08-06 04:05:13.780055 - Found PCALL.txt (text/plain) in CBT.V505.FILE438.PDS, moved to PDS/PCALL
2023-08-06 04:05:13.781045 - Found PERFORM.txt (text/plain) in CBT.V505.FILE438.PDS, moved to PDS/PERFORM
2023-08-06 04:05:13.781933 - Found PRDEF.txt (text/plain) in CBT.V505.FILE438.PDS, moved to PDS/PRDEF
2023-08-06 04:05:13.782945 - Found PRINTER.txt (text/plain) in CBT.V505.FILE438.PDS, moved to PDS/PRINTER
2023-08-06 04:05:13.783823 - Found PROC.txt (text/plain) in CBT.V505.FILE438.PDS, moved to PDS/PROC
2023-08-06 04:05:13.784673 - Found PRTTBLE.txt (text/plain) in CBT.V505.FILE438.PDS, moved to PDS/PRTTBLE
2023-08-06 04:05:13.785620 - Found RETN.txt (text/plain) in CBT.V505.FILE438.PDS, moved to PDS/RETN
2023-08-06 04:05:13.786665 - Found RTTBEG.txt (text/plain) in CBT.V505.FILE438.PDS, moved to PDS/RTTBEG
2023-08-06 04:05:13.787527 - Found RTTEND.txt (text/plain) in CBT.V505.FILE438.PDS, moved to PDS/RTTEND
2023-08-06 04:05:13.788402 - Found RTTENT.txt (text/plain) in CBT.V505.FILE438.PDS, moved to PDS/RTTENT
2023-08-06 04:05:13.789261 - Found RTTINCR.txt (text/plain) in CBT.V505.FILE438.PDS, moved to PDS/RTTINCR
2023-08-06 04:05:13.790131 - Found RTTPRT.txt (text/plain) in CBT.V505.FILE438.PDS, moved to PDS/RTTPRT
2023-08-06 04:05:13.791020 - Found RTTRESET.txt (text/plain) in CBT.V505.FILE438.PDS, moved to PDS/RTTRESET
2023-08-06 04:05:13.791894 - Found SAMPLE.txt (text/plain) in CBT.V505.FILE438.PDS, moved to PDS/SAMPLE
2023-08-06 04:05:13.792706 - Found SECONDEP.txt (text/plain) in CBT.V505.FILE438.PDS, moved to PDS/SECONDEP
2023-08-06 04:05:13.793727 - Found SECTION.txt (text/plain) in CBT.V505.FILE438.PDS, moved to PDS/SECTION
2023-08-06 04:05:13.794568 - Found SETCSECT.txt (text/plain) in CBT.V505.FILE438.PDS, moved to PDS/SETCSECT
2023-08-06 04:05:13.795441 - Found SETDEF.txt (text/plain) in CBT.V505.FILE438.PDS, moved to PDS/SETDEF
2023-08-06 04:05:13.796452 - Found SETRC.txt (text/plain) in CBT.V505.FILE438.PDS, moved to PDS/SETRC
2023-08-06 04:05:13.797538 - Found SETREGS.txt (text/plain) in CBT.V505.FILE438.PDS, moved to PDS/SETREGS
2023-08-06 04:05:13.798428 - Found SETUP.txt (text/plain) in CBT.V505.FILE438.PDS, moved to PDS/SETUP
2023-08-06 04:05:13.799398 - Found STOP.txt (text/plain) in CBT.V505.FILE438.PDS, moved to PDS/STOP
2023-08-06 04:05:13.800393 - Found SYSUT1.txt (text/plain) in CBT.V505.FILE438.PDS, moved to PDS/SYSUT1
2023-08-06 04:05:13.801378 - Found SYSUT2.txt (text/plain) in CBT.V505.FILE438.PDS, moved to PDS/SYSUT2
2023-08-06 04:05:13.802333 - Found TAG.txt (text/plain) in CBT.V505.FILE438.PDS, moved to PDS/TAG
2023-08-06 04:05:13.803298 - Found THENDO.txt (text/plain) in CBT.V505.FILE438.PDS, moved to PDS/THENDO
2023-08-06 04:05:13.804250 - Found TRACER.txt (text/plain) in CBT.V505.FILE438.PDS, moved to PDS/TRACER
2023-08-06 04:05:13.805149 - Found TRACER2.txt (text/plain) in CBT.V505.FILE438.PDS, moved to PDS/TRACER2
2023-08-06 04:05:13.805969 - Found TRC.txt (text/plain) in CBT.V505.FILE438.PDS, moved to PDS/TRC
2023-08-06 04:05:13.806821 - Found TRSP.txt (text/plain) in CBT.V505.FILE438.PDS, moved to PDS/TRSP
2023-08-06 04:05:13.807659 - Found TSWITCH.txt (text/plain) in CBT.V505.FILE438.PDS, moved to PDS/TSWITCH
2023-08-06 04:05:13.808492 - Found VAL.txt (text/plain) in CBT.V505.FILE438.PDS, moved to PDS/VAL
2023-08-06 04:05:13.809361 - Found VERSION.txt (text/plain) in CBT.V505.FILE438.PDS, moved to PDS/VERSION
